[ 2016-12-29T11:01:51+08:00 ] ::1 /blog/App/View/Public/ueditor/lang/zh-cn/zh-cn.js
ERR: 无法加载控制器:App

[ 2016-12-29T11:01:51+08:00 ] ::1 /blog/App/View/Public/ueditor/themes/default/css/ueditor.css
ERR: 无法加载控制器:App

[ 2016-12-29T11:02:25+08:00 ] ::1 /blog/App/View/Public/ueditor/
ERR: 无法加载控制器:App

[ 2016-12-29T11:02:35+08:00 ] ::1 /blog/View/Public/ueditor/
ERR: 无法加载控制器:View

[ 2016-12-29T11:03:08+08:00 ] ::1 /blog/Admin/View/Public/ueditor/
ERR: 无法加载控制器:View

[ 2016-12-29T11:03:15+08:00 ] ::1 /blog/Admin/View/Public/ueditor/
ERR: 无法加载控制器:View

[ 2016-12-29T11:03:34+08:00 ] ::1 /blog/Admin/View
ERR: 无法加载控制器:View

[ 2016-12-29T11:03:50+08:00 ] ::1 /blog/Admin/View/Public/ueditor
ERR: 无法加载控制器:View

[ 2016-12-29T11:06:06+08:00 ] ::1 /blog/Admin/index/upload
ERR: 非法操作:upload

[ 2016-12-29T11:31:47+08:00 ] ::1 /blog/Admin/Public
ERR: 无法加载控制器:Public

[ 2016-12-29T13:59:47+08:00 ] ::1 /blog/article/index/articledetial
ERR: 无法加载控制器:Article

[ 2016-12-29T13:59:51+08:00 ] ::1 /blog/article/index/
ERR: 无法加载控制器:Article

[ 2016-12-29T14:57:48+08:00 ] ::1 /blog/App/Admin/View/Public/kindeditor/jquery-1.9.1.min.js
ERR: 无法加载控制器:App

[ 2016-12-29T14:58:00+08:00 ] ::1 /blog/App/Admin/View/Public/kindeditor/jquery-1.9.1.min.js
ERR: 无法加载控制器:App

[ 2016-12-29T14:58:00+08:00 ] ::1 /blog/App/Admin/View/Public/kindeditor/jquery-1.9.1.min.js
ERR: 无法加载控制器:App

