[ 2016-12-28T22:24:25+08:00 ] ::1 /blog/Admin/Blog/upload.html?action=config&&noCache=1482935065210
ERR: 非法操作:upload

[ 2016-12-28T22:24:47+08:00 ] ::1 /blog/Admin/Blog/upload.html?action=config&&noCache=1482935087460
ERR: 非法操作:upload

[ 2016-12-28T22:29:23+08:00 ] ::1 /blog/Admin/Blog/upload.html?action=config&&noCache=1482935363421
ERR: 非法操作:upload

[ 2016-12-28T22:33:23+08:00 ] ::1 /blog/Admin/Blog/upload.html?action=config&&noCache=1482935603630
ERR: 非法操作:upload

[ 2016-12-28T22:45:35+08:00 ] ::1 /blog/Admin/Blog/upload.html?action=config&&noCache=1482936335687
ERR: 非法操作:upload

[ 2016-12-28T22:48:03+08:00 ] ::1 /blog/Admin/Blog/upload.html?action=config&&noCache=1482936483709
ERR: 非法操作:upload

[ 2016-12-28T22:48:59+08:00 ] ::1 /blog/Admin/Blog/upload.html?action=config&&noCache=1482936539200
ERR: 非法操作:upload

[ 2016-12-28T23:01:37+08:00 ] ::1 /blog/App/Admin/View/index.php/Home/Blog/ueditup?action=config&&noCache=1482937297831
ERR: 无法加载控制器:App

[ 2016-12-28T23:02:30+08:00 ] ::1 /blog/App/Admin/View/index.php/Home/Blog/ueditup?action=config&&noCache=1482937350534
ERR: 无法加载控制器:App

[ 2016-12-28T23:08:06+08:00 ] ::1 /blog/App/Admin/Home/Blog/ueditup?action=config&&noCache=1482937686884
ERR: 无法加载控制器:App

