[ 2017-01-04T17:13:08+08:00 ] ::1 /blog/Hello
ERR: 无法加载控制器:Hello

[ 2017-01-04T17:13:43+08:00 ] ::1 /blog/Hello/index
ERR: 无法加载控制器:Hello

[ 2017-01-04T17:13:47+08:00 ] ::1 /blog/Hello/index/index
ERR: 无法加载控制器:Hello

[ 2017-01-04T17:14:14+08:00 ] ::1 /blog/Hello
ERR: 无法加载控制器:Hello

[ 2017-01-04T17:14:43+08:00 ] ::1 /blog/Hello
ERR: 无法加载控制器:Hello

[ 2017-01-04T17:14:45+08:00 ] ::1 /blog/Hello
ERR: 无法加载控制器:Hello

[ 2017-01-04T17:15:14+08:00 ] ::1 /blog/Hello
ERR: 无法加载控制器:Hello

[ 2017-01-04T17:15:14+08:00 ] ::1 /blog/Hello
ERR: 无法加载控制器:Hello

[ 2017-01-04T17:15:14+08:00 ] ::1 /blog/Hello
ERR: 无法加载控制器:Hello

[ 2017-01-04T17:15:14+08:00 ] ::1 /blog/Hello
ERR: 无法加载控制器:Hello

[ 2017-01-04T17:15:15+08:00 ] ::1 /blog/Hello
ERR: 无法加载控制器:Hello

[ 2017-01-04T17:15:15+08:00 ] ::1 /blog/Hello
ERR: 无法加载控制器:Hello

[ 2017-01-04T17:15:15+08:00 ] ::1 /blog/Hello
ERR: 无法加载控制器:Hello

[ 2017-01-04T17:15:15+08:00 ] ::1 /blog/Hello
ERR: 无法加载控制器:Hello

[ 2017-01-04T17:15:15+08:00 ] ::1 /blog/Hello
ERR: 无法加载控制器:Hello

[ 2017-01-04T17:15:16+08:00 ] ::1 /blog/Hello
ERR: 无法加载控制器:Hello

[ 2017-01-04T17:15:16+08:00 ] ::1 /blog/Hello
ERR: 无法加载控制器:Hello

[ 2017-01-04T17:15:16+08:00 ] ::1 /blog/Hello
ERR: 无法加载控制器:Hello

[ 2017-01-04T17:15:16+08:00 ] ::1 /blog/Hello
ERR: 无法加载控制器:Hello

[ 2017-01-04T17:15:16+08:00 ] ::1 /blog/Hello
ERR: 无法加载控制器:Hello

[ 2017-01-04T17:15:24+08:00 ] ::1 /blog/Home.index/index
ERR: 无法加载控制器:Home.index

[ 2017-01-04T17:15:39+08:00 ] ::1 /blog/Hello/index/index
ERR: 无法加载控制器:Hello

[ 2017-01-04T17:16:44+08:00 ] ::1 /blog/Hello/index/index
ERR: 无法加载控制器:Hello

[ 2017-01-04T17:16:45+08:00 ] ::1 /blog/Hello/index/index
ERR: 无法加载控制器:Hello

